--- PPC error log initialized ---
{"ts":"2025-09-03T18:15:48+02:00","level":"php_error","msg":"file_put_contents(/Applications/XAMPP/xamppfiles/htdocs/ppc/field_types.json): Failed to open stream: Permission denied","user":"user_68b835b7b58290.58357298","context":{"errno":2,"file":"/Applications/XAMPP/xamppfiles/htdocs/ppc/config.php","line":12}}
{"ts":"2025-09-03T18:15:48+02:00","level":"php_error","msg":"chmod(): No such file or directory","user":"user_68b835b7b58290.58357298","context":{"errno":2,"file":"/Applications/XAMPP/xamppfiles/htdocs/ppc/config.php","line":16}}
{"ts":"2025-09-03T18:15:48+02:00","level":"php_error","msg":"file_put_contents(/Applications/XAMPP/xamppfiles/htdocs/ppc/field_types.json): Failed to open stream: Permission denied","user":"user_68b835b7b58290.58357298","context":{"errno":2,"file":"/Applications/XAMPP/xamppfiles/htdocs/ppc/config.php","line":260}}
{"ts":"2025-09-03T18:15:56+02:00","level":"php_error","msg":"file_put_contents(/Applications/XAMPP/xamppfiles/htdocs/ppc/field_types.json): Failed to open stream: Permission denied","user":"user_68b835b7b58290.58357298","context":{"errno":2,"file":"/Applications/XAMPP/xamppfiles/htdocs/ppc/config.php","line":12}}
{"ts":"2025-09-03T18:15:56+02:00","level":"php_error","msg":"chmod(): No such file or directory","user":"user_68b835b7b58290.58357298","context":{"errno":2,"file":"/Applications/XAMPP/xamppfiles/htdocs/ppc/config.php","line":16}}
{"ts":"2025-09-03T18:15:56+02:00","level":"php_error","msg":"file_put_contents(/Applications/XAMPP/xamppfiles/htdocs/ppc/field_types.json): Failed to open stream: Permission denied","user":"user_68b835b7b58290.58357298","context":{"errno":2,"file":"/Applications/XAMPP/xamppfiles/htdocs/ppc/config.php","line":260}}
{"ts":"2025-09-03T18:15:56+02:00","level":"php_error","msg":"file_put_contents(/Applications/XAMPP/xamppfiles/htdocs/ppc/field_types.json): Failed to open stream: Permission denied","user":"user_68b835b7b58290.58357298","context":{"errno":2,"file":"/Applications/XAMPP/xamppfiles/htdocs/ppc/config.php","line":12}}
{"ts":"2025-09-03T18:15:56+02:00","level":"php_error","msg":"chmod(): No such file or directory","user":"user_68b835b7b58290.58357298","context":{"errno":2,"file":"/Applications/XAMPP/xamppfiles/htdocs/ppc/config.php","line":16}}
{"ts":"2025-09-03T18:15:56+02:00","level":"write_error","msg":"Field types file not writable","user":"user_68b835b7b58290.58357298","context":{"file":"/Applications/XAMPP/xamppfiles/htdocs/ppc/field_types.json"}}
{"ts":"2025-09-03T18:16:50+02:00","level":"php_error","msg":"chmod(): Operation not permitted","user":"user_68b835b7b58290.58357298","context":{"errno":2,"file":"/Applications/XAMPP/xamppfiles/htdocs/ppc/config.php","line":16}}
{"ts":"2025-09-03T18:16:50+02:00","level":"write_error","msg":"Field types file not writable","user":"user_68b835b7b58290.58357298","context":{"file":"/Applications/XAMPP/xamppfiles/htdocs/ppc/field_types.json"}}
{"ts":"2025-09-03T18:16:51+02:00","level":"php_error","msg":"chmod(): Operation not permitted","user":"user_68b835b7b58290.58357298","context":{"errno":2,"file":"/Applications/XAMPP/xamppfiles/htdocs/ppc/config.php","line":16}}
{"ts":"2025-09-03T18:16:51+02:00","level":"write_error","msg":"Field types file not writable","user":"user_68b835b7b58290.58357298","context":{"file":"/Applications/XAMPP/xamppfiles/htdocs/ppc/field_types.json"}}
{"ts":"2025-09-06T23:51:25+02:00","level":"php_error","msg":"mkdir(): Permission denied","user":"user_68b835b7b58290.58357298","context":{"errno":2,"file":"/Applications/XAMPP/xamppfiles/htdocs/ppc/config.php","line":332}}
[06-Sep-2025 23:51:25 Europe/Berlin] PHP Warning:  mkdir(): Permission denied in /Applications/XAMPP/xamppfiles/htdocs/ppc/config.php on line 332
{"ts":"2025-09-06T23:51:25+02:00","level":"php_error","msg":"mkdir(): Permission denied","user":"user_68b835b7b58290.58357298","context":{"errno":2,"file":"/Applications/XAMPP/xamppfiles/htdocs/ppc/config.php","line":342}}
[06-Sep-2025 23:51:25 Europe/Berlin] PHP Warning:  mkdir(): Permission denied in /Applications/XAMPP/xamppfiles/htdocs/ppc/config.php on line 342
{"ts":"2025-09-06T23:51:25+02:00","level":"php_error","msg":"copy(/Applications/XAMPP/xamppfiles/htdocs/ppc/backups/backup_2025-09-06_23-51-25_new/users.json): Failed to open stream: No such file or directory","user":"user_68b835b7b58290.58357298","context":{"errno":2,"file":"/Applications/XAMPP/xamppfiles/htdocs/ppc/config.php","line":356}}
[06-Sep-2025 23:51:25 Europe/Berlin] PHP Warning:  copy(/Applications/XAMPP/xamppfiles/htdocs/ppc/backups/backup_2025-09-06_23-51-25_new/users.json): Failed to open stream: No such file or directory in /Applications/XAMPP/xamppfiles/htdocs/ppc/config.php on line 356
{"ts":"2025-09-06T23:51:25+02:00","level":"backup_error","msg":"Failed to backup file","user":"user_68b835b7b58290.58357298","context":{"file":"users.json"}}
{"ts":"2025-09-06T23:51:25+02:00","level":"php_error","msg":"copy(/Applications/XAMPP/xamppfiles/htdocs/ppc/backups/backup_2025-09-06_23-51-25_new/zones.json): Failed to open stream: No such file or directory","user":"user_68b835b7b58290.58357298","context":{"errno":2,"file":"/Applications/XAMPP/xamppfiles/htdocs/ppc/config.php","line":356}}
[06-Sep-2025 23:51:25 Europe/Berlin] PHP Warning:  copy(/Applications/XAMPP/xamppfiles/htdocs/ppc/backups/backup_2025-09-06_23-51-25_new/zones.json): Failed to open stream: No such file or directory in /Applications/XAMPP/xamppfiles/htdocs/ppc/config.php on line 356
{"ts":"2025-09-06T23:51:25+02:00","level":"backup_error","msg":"Failed to backup file","user":"user_68b835b7b58290.58357298","context":{"file":"zones.json"}}
{"ts":"2025-09-06T23:51:25+02:00","level":"php_error","msg":"copy(/Applications/XAMPP/xamppfiles/htdocs/ppc/backups/backup_2025-09-06_23-51-25_new/report_categories.json): Failed to open stream: No such file or directory","user":"user_68b835b7b58290.58357298","context":{"errno":2,"file":"/Applications/XAMPP/xamppfiles/htdocs/ppc/config.php","line":356}}
[06-Sep-2025 23:51:25 Europe/Berlin] PHP Warning:  copy(/Applications/XAMPP/xamppfiles/htdocs/ppc/backups/backup_2025-09-06_23-51-25_new/report_categories.json): Failed to open stream: No such file or directory in /Applications/XAMPP/xamppfiles/htdocs/ppc/config.php on line 356
{"ts":"2025-09-06T23:51:25+02:00","level":"backup_error","msg":"Failed to backup file","user":"user_68b835b7b58290.58357298","context":{"file":"report_categories.json"}}
{"ts":"2025-09-06T23:51:25+02:00","level":"php_error","msg":"copy(/Applications/XAMPP/xamppfiles/htdocs/ppc/backups/backup_2025-09-06_23-51-25_new/field_types.json): Failed to open stream: No such file or directory","user":"user_68b835b7b58290.58357298","context":{"errno":2,"file":"/Applications/XAMPP/xamppfiles/htdocs/ppc/config.php","line":356}}
[06-Sep-2025 23:51:25 Europe/Berlin] PHP Warning:  copy(/Applications/XAMPP/xamppfiles/htdocs/ppc/backups/backup_2025-09-06_23-51-25_new/field_types.json): Failed to open stream: No such file or directory in /Applications/XAMPP/xamppfiles/htdocs/ppc/config.php on line 356
{"ts":"2025-09-06T23:51:25+02:00","level":"backup_error","msg":"Failed to backup file","user":"user_68b835b7b58290.58357298","context":{"file":"field_types.json"}}
{"ts":"2025-09-06T23:51:25+02:00","level":"php_error","msg":"copy(/Applications/XAMPP/xamppfiles/htdocs/ppc/backups/backup_2025-09-06_23-51-25_new/reports.json): Failed to open stream: No such file or directory","user":"user_68b835b7b58290.58357298","context":{"errno":2,"file":"/Applications/XAMPP/xamppfiles/htdocs/ppc/config.php","line":356}}
[06-Sep-2025 23:51:25 Europe/Berlin] PHP Warning:  copy(/Applications/XAMPP/xamppfiles/htdocs/ppc/backups/backup_2025-09-06_23-51-25_new/reports.json): Failed to open stream: No such file or directory in /Applications/XAMPP/xamppfiles/htdocs/ppc/config.php on line 356
{"ts":"2025-09-06T23:51:25+02:00","level":"backup_error","msg":"Failed to backup file","user":"user_68b835b7b58290.58357298","context":{"file":"reports.json"}}
{"ts":"2025-09-06T23:51:25+02:00","level":"php_error","msg":"file_put_contents(/Applications/XAMPP/xamppfiles/htdocs/ppc/backups/backup_2025-09-06_23-51-25_new/metadata.json): Failed to open stream: No such file or directory","user":"user_68b835b7b58290.58357298","context":{"errno":2,"file":"/Applications/XAMPP/xamppfiles/htdocs/ppc/config.php","line":373}}
[06-Sep-2025 23:51:25 Europe/Berlin] PHP Warning:  file_put_contents(/Applications/XAMPP/xamppfiles/htdocs/ppc/backups/backup_2025-09-06_23-51-25_new/metadata.json): Failed to open stream: No such file or directory in /Applications/XAMPP/xamppfiles/htdocs/ppc/config.php on line 373
{"ts":"2025-09-06T23:51:25+02:00","level":"backup_created","msg":"Backup created successfully","user":"user_68b835b7b58290.58357298","context":{"backup_path":"/Applications/XAMPP/xamppfiles/htdocs/ppc/backups/backup_2025-09-06_23-51-25_new","files_count":0}}
{"ts":"2025-09-06T23:52:29+02:00","level":"php_error","msg":"mkdir(): Permission denied","user":"user_68b835b7b58290.58357298","context":{"errno":2,"file":"/Applications/XAMPP/xamppfiles/htdocs/ppc/config.php","line":349}}
[06-Sep-2025 23:52:29 Europe/Berlin] PHP Warning:  mkdir(): Permission denied in /Applications/XAMPP/xamppfiles/htdocs/ppc/config.php on line 349
{"ts":"2025-09-06T23:52:29+02:00","level":"backup_error","msg":"Failed to create backup subdirectory","user":"user_68b835b7b58290.58357298","context":{"path":"/Applications/XAMPP/xamppfiles/htdocs/ppc/backups/backup_2025-09-06_23-52-29_new"}}
{"ts":"2025-09-06T21:52:35+00:00","level":"backup_created","msg":"Backup created successfully","user":"test_backup","context":{"backup_path":"/Applications/XAMPP/xamppfiles/htdocs/ppc/backups/backup_2025-09-06_21-52-35_Test_backup_after_fix","files_count":5}}
{"ts":"2025-09-06T23:53:02+02:00","level":"php_error","msg":"mkdir(): Permission denied","user":"user_68b835b7b58290.58357298","context":{"errno":2,"file":"/Applications/XAMPP/xamppfiles/htdocs/ppc/config.php","line":349}}
[06-Sep-2025 23:53:02 Europe/Berlin] PHP Warning:  mkdir(): Permission denied in /Applications/XAMPP/xamppfiles/htdocs/ppc/config.php on line 349
{"ts":"2025-09-06T23:53:02+02:00","level":"backup_error","msg":"Failed to create backup subdirectory","user":"user_68b835b7b58290.58357298","context":{"path":"/Applications/XAMPP/xamppfiles/htdocs/ppc/backups/backup_2025-09-06_23-53-02_new"}}
{"ts":"2025-09-06T23:53:11+02:00","level":"php_error","msg":"mkdir(): Permission denied","user":"user_68b835b7b58290.58357298","context":{"errno":2,"file":"/Applications/XAMPP/xamppfiles/htdocs/ppc/config.php","line":349}}
[06-Sep-2025 23:53:11 Europe/Berlin] PHP Warning:  mkdir(): Permission denied in /Applications/XAMPP/xamppfiles/htdocs/ppc/config.php on line 349
{"ts":"2025-09-06T23:53:11+02:00","level":"backup_error","msg":"Failed to create backup subdirectory","user":"user_68b835b7b58290.58357298","context":{"path":"/Applications/XAMPP/xamppfiles/htdocs/ppc/backups/backup_2025-09-06_23-53-11_new"}}
{"ts":"2025-09-06T21:54:45+00:00","level":"backup_created","msg":"Backup created successfully","user":"test_backup_fix","context":{"backup_path":"/Applications/XAMPP/xamppfiles/htdocs/ppc/backups/backup_2025-09-06_21-54-45_Testing_permission_fix","files_count":5}}
{"ts":"2025-09-06T23:54:49+02:00","level":"backup_created","msg":"Backup created successfully","user":"user_68b835b7b58290.58357298","context":{"backup_path":"/Applications/XAMPP/xamppfiles/htdocs/ppc/backups/backup_2025-09-06_23-54-49_new","files_count":5}}
{"ts":"2025-09-06T21:55:16+00:00","level":"backup_created","msg":"Backup created successfully","user":"final_test","context":{"backup_path":"/Applications/XAMPP/xamppfiles/htdocs/ppc/backups/backup_2025-09-06_21-55-16_Final_permission_test","files_count":5}}
{"ts":"2025-09-07T00:07:52+02:00","level":"php_error","msg":"Undefined array key \"base_types_used\"","user":"user_68b835b7b58290.58357298","context":{"errno":2,"file":"/Applications/XAMPP/xamppfiles/htdocs/ppc/base_types_manager.php","line":332}}
[07-Sep-2025 00:07:52 Europe/Berlin] PHP Warning:  Undefined array key "base_types_used" in /Applications/XAMPP/xamppfiles/htdocs/ppc/base_types_manager.php on line 332
{"ts":"2025-09-07T00:07:52+02:00","level":"php_error","msg":"Undefined array key \"types_in_use\"","user":"user_68b835b7b58290.58357298","context":{"errno":2,"file":"/Applications/XAMPP/xamppfiles/htdocs/ppc/base_types_manager.php","line":345}}
[07-Sep-2025 00:07:52 Europe/Berlin] PHP Warning:  Undefined array key "types_in_use" in /Applications/XAMPP/xamppfiles/htdocs/ppc/base_types_manager.php on line 345
{"ts":"2025-09-07T00:07:52+02:00","level":"php_error","msg":"Undefined array key \"total_field_types\"","user":"user_68b835b7b58290.58357298","context":{"errno":2,"file":"/Applications/XAMPP/xamppfiles/htdocs/ppc/base_types_manager.php","line":345}}
[07-Sep-2025 00:07:52 Europe/Berlin] PHP Warning:  Undefined array key "total_field_types" in /Applications/XAMPP/xamppfiles/htdocs/ppc/base_types_manager.php on line 345
{"ts":"2025-09-07T00:07:52+02:00","level":"exception","msg":"Division by zero","user":"user_68b835b7b58290.58357298","context":{"file":"/Applications/XAMPP/xamppfiles/htdocs/ppc/base_types_manager.php","line":345,"trace":"#0 {main}"}}
{"ts":"2025-09-07T00:08:07+02:00","level":"php_error","msg":"Undefined array key \"base_types_used\"","user":"user_68b835b7b58290.58357298","context":{"errno":2,"file":"/Applications/XAMPP/xamppfiles/htdocs/ppc/base_types_manager.php","line":332}}
[07-Sep-2025 00:08:07 Europe/Berlin] PHP Warning:  Undefined array key "base_types_used" in /Applications/XAMPP/xamppfiles/htdocs/ppc/base_types_manager.php on line 332
{"ts":"2025-09-07T00:08:07+02:00","level":"php_error","msg":"Undefined array key \"types_in_use\"","user":"user_68b835b7b58290.58357298","context":{"errno":2,"file":"/Applications/XAMPP/xamppfiles/htdocs/ppc/base_types_manager.php","line":345}}
[07-Sep-2025 00:08:07 Europe/Berlin] PHP Warning:  Undefined array key "types_in_use" in /Applications/XAMPP/xamppfiles/htdocs/ppc/base_types_manager.php on line 345
{"ts":"2025-09-07T00:08:07+02:00","level":"php_error","msg":"Undefined array key \"total_field_types\"","user":"user_68b835b7b58290.58357298","context":{"errno":2,"file":"/Applications/XAMPP/xamppfiles/htdocs/ppc/base_types_manager.php","line":345}}
[07-Sep-2025 00:08:07 Europe/Berlin] PHP Warning:  Undefined array key "total_field_types" in /Applications/XAMPP/xamppfiles/htdocs/ppc/base_types_manager.php on line 345
{"ts":"2025-09-07T00:08:07+02:00","level":"exception","msg":"Division by zero","user":"user_68b835b7b58290.58357298","context":{"file":"/Applications/XAMPP/xamppfiles/htdocs/ppc/base_types_manager.php","line":345,"trace":"#0 {main}"}}
{"ts":"2025-09-07T00:08:08+02:00","level":"php_error","msg":"Undefined array key \"base_types_used\"","user":"user_68b835b7b58290.58357298","context":{"errno":2,"file":"/Applications/XAMPP/xamppfiles/htdocs/ppc/base_types_manager.php","line":332}}
[07-Sep-2025 00:08:08 Europe/Berlin] PHP Warning:  Undefined array key "base_types_used" in /Applications/XAMPP/xamppfiles/htdocs/ppc/base_types_manager.php on line 332
{"ts":"2025-09-07T00:08:08+02:00","level":"php_error","msg":"Undefined array key \"types_in_use\"","user":"user_68b835b7b58290.58357298","context":{"errno":2,"file":"/Applications/XAMPP/xamppfiles/htdocs/ppc/base_types_manager.php","line":345}}
[07-Sep-2025 00:08:08 Europe/Berlin] PHP Warning:  Undefined array key "types_in_use" in /Applications/XAMPP/xamppfiles/htdocs/ppc/base_types_manager.php on line 345
{"ts":"2025-09-07T00:08:08+02:00","level":"php_error","msg":"Undefined array key \"total_field_types\"","user":"user_68b835b7b58290.58357298","context":{"errno":2,"file":"/Applications/XAMPP/xamppfiles/htdocs/ppc/base_types_manager.php","line":345}}
[07-Sep-2025 00:08:08 Europe/Berlin] PHP Warning:  Undefined array key "total_field_types" in /Applications/XAMPP/xamppfiles/htdocs/ppc/base_types_manager.php on line 345
{"ts":"2025-09-07T00:08:08+02:00","level":"exception","msg":"Division by zero","user":"user_68b835b7b58290.58357298","context":{"file":"/Applications/XAMPP/xamppfiles/htdocs/ppc/base_types_manager.php","line":345,"trace":"#0 {main}"}}
{"ts":"2025-09-09T21:50:14+02:00","level":"php_error","msg":"Undefined array key \"base_types_used\"","user":"user_68b835b7b58290.58357298","context":{"errno":2,"file":"/Applications/XAMPP/xamppfiles/htdocs/ippc-dashboard/base_types_manager.php","line":332}}
[09-Sep-2025 21:50:14 Europe/Berlin] PHP Warning:  Undefined array key "base_types_used" in /Applications/XAMPP/xamppfiles/htdocs/ippc-dashboard/base_types_manager.php on line 332
{"ts":"2025-09-09T21:50:14+02:00","level":"php_error","msg":"Undefined array key \"types_in_use\"","user":"user_68b835b7b58290.58357298","context":{"errno":2,"file":"/Applications/XAMPP/xamppfiles/htdocs/ippc-dashboard/base_types_manager.php","line":345}}
[09-Sep-2025 21:50:14 Europe/Berlin] PHP Warning:  Undefined array key "types_in_use" in /Applications/XAMPP/xamppfiles/htdocs/ippc-dashboard/base_types_manager.php on line 345
{"ts":"2025-09-09T21:50:14+02:00","level":"php_error","msg":"Undefined array key \"total_field_types\"","user":"user_68b835b7b58290.58357298","context":{"errno":2,"file":"/Applications/XAMPP/xamppfiles/htdocs/ippc-dashboard/base_types_manager.php","line":345}}
[09-Sep-2025 21:50:14 Europe/Berlin] PHP Warning:  Undefined array key "total_field_types" in /Applications/XAMPP/xamppfiles/htdocs/ippc-dashboard/base_types_manager.php on line 345
{"ts":"2025-09-09T21:50:14+02:00","level":"exception","msg":"Division by zero","user":"user_68b835b7b58290.58357298","context":{"file":"/Applications/XAMPP/xamppfiles/htdocs/ippc-dashboard/base_types_manager.php","line":345,"trace":"#0 {main}"}}
